Instantiating new PersoonController
add new persoon tot personen
add new persoon tot personen
add new persoon tot personen
add new persoon tot personen
nieuwe gelukkige gekozen: java.lang.Class@5a2e4553[Sander,<null>]
Instantiating new PersoonController
add new persoon tot personen
add new persoon tot personen
add new persoon tot personen
add new persoon tot personen
nieuwe gelukkige gekozen: java.lang.Class@5a2e4553[Sander,<null>]
Instantiating new PersoonController
add new persoon tot personen
add new persoon tot personen
add new persoon tot personen
add new persoon tot personen
nieuwe gelukkige gekozen: java.lang.Class@5a2e4553[Sander,<null>]
nieuwe gelukkige gekozen: java.lang.Class@5a2e4553[Sander,<null>]
nieuwe gelukkige gekozen: java.lang.Class@5a2e4553[Sander,<null>]
Instantiating new PersoonController
add new persoon tot personen
add new persoon tot personen
add new persoon tot personen
add new persoon tot personen
nieuwe gelukkige gekozen: java.lang.Class@3f91beef[Annelies,<null>]
nieuwe gelukkige gekozen: java.lang.Class@3f91beef[Joren,<null>]
nieuwe gelukkige gekozen: java.lang.Class@3f91beef[Annelien,<null>]
